TN:
SF:src\polyfills.ts
FNF:0
FNH:0
LF:0
LH:0
BRF:0
BRH:0
end_of_record
TN:
SF:src\test.ts
FNF:0
FNH:0
DA:18,1
DA:23,1
DA:25,1
LF:3
LH:3
BRF:0
BRH:0
end_of_record
TN:
SF:src\app\components\pages\techs\techs.component.ts
FN:18,(anonymous_0)
FN:20,(anonymous_1)
FN:21,(anonymous_2)
FN:27,(anonymous_3)
FN:28,(anonymous_4)
FN:32,(anonymous_5)
FNF:6
FNH:4
FNDA:2,(anonymous_0)
FNDA:1,(anonymous_1)
FNDA:0,(anonymous_2)
FNDA:1,(anonymous_3)
FNDA:1,(anonymous_4)
FNDA:0,(anonymous_5)
DA:11,1
DA:13,2
DA:15,2
DA:16,2
DA:17,2
DA:18,2
DA:21,1
DA:22,0
DA:24,1
DA:28,1
DA:29,1
DA:30,1
DA:33,0
LF:13
LH:11
BRF:0
BRH:0
end_of_record
TN:
SF:src\app\pipe\order-name.pipe.ts
FN:9,(anonymous_0)
FN:18,(anonymous_1)
FNF:2
FNH:2
FNDA:1,(anonymous_0)
FNDA:8,(anonymous_1)
DA:6,1
DA:10,1
DA:11,1
DA:12,1
DA:14,1
DA:15,0
DA:18,1
DA:19,8
DA:20,0
DA:21,8
DA:22,0
DA:24,8
DA:27,1
LF:13
LH:10
BRDA:14,0,0,0
BRDA:14,0,1,1
BRDA:19,1,0,0
BRDA:19,1,1,8
BRDA:21,2,0,0
BRDA:21,2,1,8
BRF:6
BRH:3
end_of_record
TN:
SF:src\app\pipe\search.pipe.ts
FN:9,(anonymous_0)
FN:13,(anonymous_1)
FNF:2
FNH:2
FNDA:1,(anonymous_0)
FNDA:3,(anonymous_1)
DA:7,1
DA:9,1
DA:15,3
DA:16,3
DA:17,3
DA:19,2
DA:20,18
DA:21,6
DA:22,6
DA:25,2
DA:26,2
LF:11
LH:11
BRDA:17,0,0,1
BRDA:17,0,1,2
BRDA:17,1,0,3
BRDA:17,1,1,3
BRDA:20,2,0,6
BRDA:20,2,1,12
BRDA:20,3,0,18
BRDA:20,3,1,18
BRF:8
BRH:8
end_of_record
TN:
SF:src\app\services\techs\techs.service.ts
FN:17,(anonymous_0)
FN:20,(anonymous_1)
FN:26,(anonymous_2)
FNF:3
FNH:1
FNDA:3,(anonymous_0)
FNDA:0,(anonymous_1)
FNDA:0,(anonymous_2)
DA:11,1
DA:15,3
DA:17,3
DA:21,0
DA:29,0
DA:30,0
DA:32,0
DA:34,0
LF:8
LH:3
BRDA:29,0,0,0
BRDA:29,0,1,0
BRF:2
BRH:0
end_of_record
